<CiscoIPPhoneMenu>
  <Title>Latest Tweets</Title>
  <Prompt>Fake data</Prompt>
  <MenuItem>
    <Name>Fake tweet 1</Name>
    <URL></URL>
  </MenuItem>
  <MenuItem>
    <Name>Fake tweet 2</Name>
    <URL></URL>
  </MenuItem>
</CiscoIPPhoneMenu>
