<CiscoIPPhoneMenu>
  <Title>Latest Tweets</Title>
  <Prompt>Fake data</Prompt>
  <MenuItem>
    <Name>Fake Tweet 1 Lorem ipsum dolor sit amet, consectetur adipisicing elit, sed do eiusmod
    tempor incididunt ut labore et dolore magna aliqua. Ut enim ad minim veniam,
    quis nostrud exercitation ullamco laboris nisi ut aliquip ex ea commodo
    consequat. Duis aute irure dolor in reprehenderit in voluptate velit esse
    cillum dolore eu fugiat nulla pariatur</Name>
    <URL>?tweet1</URL>
  </MenuItem>
  <MenuItem>
    <Name>Fake Tweet 2 Lorem ipsum dolor sit amet, consectetur adipisicing elit, sed do eiusmod
    tempor incididunt ut labore et dolore magna aliqua. Ut enim ad minim veniam,
    quis nostrud exercitation ullamco laboris nisi ut aliquip ex ea commodo
    consequat. Duis aute irure dolor in reprehenderit in voluptate velit esse
    cillum dolore eu fugiat nulla pariatur</Name>
    <URL>?tweet2</URL>
  </MenuItem>
</CiscoIPPhoneMenu>
